c:\cs580\hw3_pathtracing_2020\homework\projectfiles\debug\vc141.pdb
c:\cs580\hw3_pathtracing_2020\homework\projectfiles\debug\vc141.idb
c:\cs580\hw3_pathtracing_2020\homework\projectfiles\debug\brdf.obj
c:\cs580\hw3_pathtracing_2020\homework\projectfiles\debug\colour.obj
c:\cs580\hw3_pathtracing_2020\homework\projectfiles\debug\debug.obj
c:\cs580\hw3_pathtracing_2020\homework\projectfiles\debug\gobject.obj
c:\cs580\hw3_pathtracing_2020\homework\projectfiles\debug\light.obj
c:\cs580\hw3_pathtracing_2020\homework\projectfiles\debug\litscene.obj
c:\cs580\hw3_pathtracing_2020\homework\projectfiles\debug\mainray.obj
c:\cs580\hw3_pathtracing_2020\homework\projectfiles\debug\material.obj
c:\cs580\hw3_pathtracing_2020\homework\projectfiles\debug\point.obj
c:\cs580\hw3_pathtracing_2020\homework\projectfiles\debug\polygon.obj
c:\cs580\hw3_pathtracing_2020\homework\projectfiles\debug\random.obj
c:\cs580\hw3_pathtracing_2020\homework\projectfiles\debug\ray.obj
c:\cs580\hw3_pathtracing_2020\homework\projectfiles\debug\scene.obj
c:\cs580\hw3_pathtracing_2020\homework\projectfiles\debug\simplecamera.obj
c:\cs580\hw3_pathtracing_2020\homework\projectfiles\debug\sphere.obj
c:\cs580\hw3_pathtracing_2020\homework\projectfiles\debug\utils.obj
c:\cs580\hw3_pathtracing_2020\homework\projectfiles\debug\vector.obj
c:\cs580\hw3_pathtracing_2020\homework\projectfiles\debug\yourcode.obj
c:\cs580\hw3_pathtracing_2020\homework\projectfiles\debug\pathtracer.exe
c:\cs580\hw3_pathtracing_2020\homework\projectfiles\debug\cw2.pdb
c:\cs580\hw3_pathtracing_2020\homework\projectfiles\debug\pathtracer.tlog\cl.command.1.tlog
c:\cs580\hw3_pathtracing_2020\homework\projectfiles\debug\pathtracer.tlog\cl.read.1.tlog
c:\cs580\hw3_pathtracing_2020\homework\projectfiles\debug\pathtracer.tlog\cl.write.1.tlog
c:\cs580\hw3_pathtracing_2020\homework\projectfiles\debug\pathtracer.tlog\link.command.1.tlog
c:\cs580\hw3_pathtracing_2020\homework\projectfiles\debug\pathtracer.tlog\link.read.1.tlog
c:\cs580\hw3_pathtracing_2020\homework\projectfiles\debug\pathtracer.tlog\link.write.1.tlog
